2007.08.20 17:31 B C:\apache\htdocs\ucj_arquivos\adm\PDF\font\makefont\cp1250.map --> ftp.unipacconsultoria.com.br /public_html/adm/PDF/font/makefont cp1250.map
2007.08.20 17:32 B C:\apache\htdocs\ucj_arquivos\adm\PDF\font\makefont\cp1251.map --> ftp.unipacconsultoria.com.br /public_html/adm/PDF/font/makefont cp1251.map
2007.08.20 17:32 B C:\apache\htdocs\ucj_arquivos\adm\PDF\font\makefont\cp1252.map --> ftp.unipacconsultoria.com.br /public_html/adm/PDF/font/makefont cp1252.map
2007.08.20 17:32 B C:\apache\htdocs\ucj_arquivos\adm\PDF\font\makefont\cp1253.map --> ftp.unipacconsultoria.com.br /public_html/adm/PDF/font/makefont cp1253.map
2007.08.20 17:33 B C:\apache\htdocs\ucj_arquivos\adm\PDF\font\makefont\cp1254.map --> ftp.unipacconsultoria.com.br /public_html/adm/PDF/font/makefont cp1254.map
2007.08.20 17:33 B C:\apache\htdocs\ucj_arquivos\adm\PDF\font\makefont\cp1255.map --> ftp.unipacconsultoria.com.br /public_html/adm/PDF/font/makefont cp1255.map
2007.08.20 17:34 B C:\apache\htdocs\ucj_arquivos\adm\PDF\font\makefont\cp1257.map --> ftp.unipacconsultoria.com.br /public_html/adm/PDF/font/makefont cp1257.map
2007.08.20 17:34 B C:\apache\htdocs\ucj_arquivos\adm\PDF\font\makefont\cp1258.map --> ftp.unipacconsultoria.com.br /public_html/adm/PDF/font/makefont cp1258.map
2007.08.20 17:35 B C:\apache\htdocs\ucj_arquivos\adm\PDF\font\makefont\cp874.map --> ftp.unipacconsultoria.com.br /public_html/adm/PDF/font/makefont cp874.map
2007.08.20 17:35 B C:\apache\htdocs\ucj_arquivos\adm\PDF\font\makefont\iso-8859-1.map --> ftp.unipacconsultoria.com.br /public_html/adm/PDF/font/makefont iso-8859-1.map
2007.08.20 17:35 B C:\apache\htdocs\ucj_arquivos\adm\PDF\font\makefont\iso-8859-11.map --> ftp.unipacconsultoria.com.br /public_html/adm/PDF/font/makefont iso-8859-11.map
2007.08.20 17:36 B C:\apache\htdocs\ucj_arquivos\adm\PDF\font\makefont\iso-8859-15.map --> ftp.unipacconsultoria.com.br /public_html/adm/PDF/font/makefont iso-8859-15.map
2007.08.20 17:36 B C:\apache\htdocs\ucj_arquivos\adm\PDF\font\makefont\iso-8859-16.map --> ftp.unipacconsultoria.com.br /public_html/adm/PDF/font/makefont iso-8859-16.map
2007.08.20 17:37 B C:\apache\htdocs\ucj_arquivos\adm\PDF\font\makefont\iso-8859-2.map --> ftp.unipacconsultoria.com.br /public_html/adm/PDF/font/makefont iso-8859-2.map
2007.08.20 17:37 B C:\apache\htdocs\ucj_arquivos\adm\PDF\font\makefont\iso-8859-4.map --> ftp.unipacconsultoria.com.br /public_html/adm/PDF/font/makefont iso-8859-4.map
2007.08.20 17:37 B C:\apache\htdocs\ucj_arquivos\adm\PDF\font\makefont\iso-8859-5.map --> ftp.unipacconsultoria.com.br /public_html/adm/PDF/font/makefont iso-8859-5.map
2007.08.20 17:38 B C:\apache\htdocs\ucj_arquivos\adm\PDF\font\makefont\iso-8859-7.map --> ftp.unipacconsultoria.com.br /public_html/adm/PDF/font/makefont iso-8859-7.map
2007.08.20 17:38 B C:\apache\htdocs\ucj_arquivos\adm\PDF\font\makefont\iso-8859-9.map --> ftp.unipacconsultoria.com.br /public_html/adm/PDF/font/makefont iso-8859-9.map
2007.08.20 17:39 B C:\apache\htdocs\ucj_arquivos\adm\PDF\font\makefont\koi8-r.map --> ftp.unipacconsultoria.com.br /public_html/adm/PDF/font/makefont koi8-r.map
2007.08.20 17:39 B C:\apache\htdocs\ucj_arquivos\adm\PDF\font\makefont\koi8-u.map --> ftp.unipacconsultoria.com.br /public_html/adm/PDF/font/makefont koi8-u.map
2007.08.20 17:40 B C:\apache\htdocs\ucj_arquivos\adm\PDF\font\makefont\makefont.php --> ftp.unipacconsultoria.com.br /public_html/adm/PDF/font/makefont makefont.php
2007.08.20 18:14 B C:\apache\htdocs\ucj_arquivos\adm\PDF\font\makefont\WS_FTP.LOG --> ftp.unipacconsultoria.com.br /public_html/adm/PDF/font/makefont WS_FTP.LOG
